Traceback (most recent call last):
  File "<frozen runpy>", line 198, in _run_module_as_main
  File "<frozen runpy>", line 88, in _run_code
  File "/Users/mk/miniconda3/lib/python3.12/site-packages/uvicorn/__main__.py", line 4, in <module>
    uvicorn.main()
  File "/Users/mk/miniconda3/lib/python3.12/site-packages/click/core.py", line 1161, in __call__
    return self.main(*args, **kwargs)
           ^^^^^^^^^^^^^^^^^^^^^^^^^^
  File "/Users/mk/miniconda3/lib/python3.12/site-packages/click/core.py", line 1082, in main
    rv = self.invoke(ctx)
         ^^^^^^^^^^^^^^^^
  File "/Users/mk/miniconda3/lib/python3.12/site-packages/click/core.py", line 1443, in invoke
    return ctx.invoke(self.callback, **ctx.params)
           ^^^^^^^^^^^^^^^^^^^^^^^^^^^^^^^^^^^^^^^
  File "/Users/mk/miniconda3/lib/python3.12/site-packages/click/core.py", line 788, in invoke
    return __callback(*args, **kwargs)
           ^^^^^^^^^^^^^^^^^^^^^^^^^^^
  File "/Users/mk/miniconda3/lib/python3.12/site-packages/uvicorn/main.py", line 412, in main
    run(
  File "/Users/mk/miniconda3/lib/python3.12/site-packages/uvicorn/main.py", line 579, in run
    server.run()
  File "/Users/mk/miniconda3/lib/python3.12/site-packages/uvicorn/server.py", line 66, in run
    return asyncio.run(self.serve(sockets=sockets))
           ^^^^^^^^^^^^^^^^^^^^^^^^^^^^^^^^^^^^^^^^
  File "/Users/mk/miniconda3/lib/python3.12/asyncio/runners.py", line 194, in run
    return runner.run(main)
           ^^^^^^^^^^^^^^^^
  File "/Users/mk/miniconda3/lib/python3.12/asyncio/runners.py", line 118, in run
    return self._loop.run_until_complete(task)
           ^^^^^^^^^^^^^^^^^^^^^^^^^^^^^^^^^^^
  File "uvloop/loop.pyx", line 1518, in uvloop.loop.Loop.run_until_complete
  File "/Users/mk/miniconda3/lib/python3.12/site-packages/uvicorn/server.py", line 70, in serve
    await self._serve(sockets)
  File "/Users/mk/miniconda3/lib/python3.12/site-packages/uvicorn/server.py", line 77, in _serve
    config.load()
  File "/Users/mk/miniconda3/lib/python3.12/site-packages/uvicorn/config.py", line 435, in load
    self.loaded_app = import_from_string(self.app)
                      ^^^^^^^^^^^^^^^^^^^^^^^^^^^^
  File "/Users/mk/miniconda3/lib/python3.12/site-packages/uvicorn/importer.py", line 19, in import_from_string
    module = importlib.import_module(module_str)
             ^^^^^^^^^^^^^^^^^^^^^^^^^^^^^^^^^^^
  File "/Users/mk/miniconda3/lib/python3.12/importlib/__init__.py", line 90, in import_module
    return _bootstrap._gcd_import(name[level:], package, level)
           ^^^^^^^^^^^^^^^^^^^^^^^^^^^^^^^^^^^^^^^^^^^^^^^^^^^^
  File "<frozen importlib._bootstrap>", line 1387, in _gcd_import
  File "<frozen importlib._bootstrap>", line 1360, in _find_and_load
  File "<frozen importlib._bootstrap>", line 1310, in _find_and_load_unlocked
  File "<frozen importlib._bootstrap>", line 488, in _call_with_frames_removed
  File "<frozen importlib._bootstrap>", line 1387, in _gcd_import
  File "<frozen importlib._bootstrap>", line 1360, in _find_and_load
  File "<frozen importlib._bootstrap>", line 1331, in _find_and_load_unlocked
  File "<frozen importlib._bootstrap>", line 935, in _load_unlocked
  File "<frozen importlib._bootstrap_external>", line 995, in exec_module
  File "<frozen importlib._bootstrap>", line 488, in _call_with_frames_removed
  File "/Users/mk/Documents/chatbot-ai-systems-production/src/chatbot_ai_system/server/__init__.py", line 3, in <module>
    from .main import app, create_app
  File "/Users/mk/Documents/chatbot-ai-systems-production/src/chatbot_ai_system/server/main.py", line 11, in <module>
    from .routes import router
  File "/Users/mk/Documents/chatbot-ai-systems-production/src/chatbot_ai_system/server/routes.py", line 23, in <module>
    from chatbot_ai_system.tools import registry
  File "/Users/mk/Documents/chatbot-ai-systems-production/src/chatbot_ai_system/tools/__init__.py", line 3, in <module>
    from .system_tools import GetCurrentTimeTool, CheckRepoStatusTool
  File "/Users/mk/Documents/chatbot-ai-systems-production/src/chatbot_ai_system/tools/system_tools.py", line 11, in <module>
    class GetCurrentTimeTool(MCPTool):
  File "/Users/mk/Documents/chatbot-ai-systems-production/src/chatbot_ai_system/tools/system_tools.py", line 14, in GetCurrentTimeTool
    args_schema: Type[BaseModel] = GetCurrentTimeArgs
                 ^^^^
NameError: name 'Type' is not defined. Did you mean: 'type'?
